<?xml version="1.0" encoding="UTF-8"?>
<!-- Generated by org.testng.reporters.JUnitXMLReporter -->
<testsuite ignored="0" hostname="DESKTOP-U4N34CQ" failures="2" tests="4" name="StartHealthPage" time="10.07" errors="0" timestamp="2023-10-23T17:59:48 IST">
  <testcase classname="project.StartHealthPage" name="Validate_title" time="0.041"/>
  <testcase classname="project.StartHealthPage" name="Test_Header_plan" time="0.0">
    <failure type="org.testng.TestNGException" message="
Parameter &amp;apos;email&amp;apos; is required by @Test on method Test_Header_plan but has not been marked @Optional or defined
in C:\Users\anany\eclipse-workspace\Phase2FinalEndProject\src\test\java\TestNgRunner.xml">
      <![CDATA[org.testng.TestNGException: 
Parameter 'email' is required by @Test on method Test_Header_plan but has not been marked @Optional or defined
in C:\Users\anany\eclipse-workspace\Phase2FinalEndProject\src\test\java\TestNgRunner.xml
at java.base/java.util.ArrayList.forEach(ArrayList.java:1511)
at java.base/java.util.concurrent.FutureTask.run(FutureTask.java:264)
at java.base/java.util.concurrent.ThreadPoolExecutor.runWorker(ThreadPoolExecutor.java:1136)
at java.base/java.util.concurrent.ThreadPoolExecutor$Worker.run(ThreadPoolExecutor.java:635)
at java.base/java.lang.Thread.run(Thread.java:833)
... Removed 16 stack frames]]>
    </failure>
  </testcase> <!-- Test_Header_plan -->
  <testcase classname="project.StartHealthPage" name="validatedatafromExcel" time="0.0">
    <failure type="java.lang.RuntimeException" message="java.io.FileNotFoundException: C:\Users\sonal\Desktop\mytestdata\testdata1.xlsx (The system cannot find the path specified)">
      <![CDATA[java.lang.RuntimeException: java.io.FileNotFoundException: C:\Users\sonal\Desktop\mytestdata\testdata1.xlsx (The system cannot find the path specified)
at java.base/java.util.ArrayList.forEach(ArrayList.java:1511)
at java.base/java.util.concurrent.FutureTask.run(FutureTask.java:264)
at java.base/java.util.concurrent.ThreadPoolExecutor.runWorker(ThreadPoolExecutor.java:1136)
at java.base/java.util.concurrent.ThreadPoolExecutor$Worker.run(ThreadPoolExecutor.java:635)
at java.base/java.lang.Thread.run(Thread.java:833)
Caused by: java.io.FileNotFoundException: C:\Users\sonal\Desktop\mytestdata\testdata1.xlsx (The system cannot find the path specified)
at java.base/java.io.FileInputStream.open0(Native Method)
at java.base/java.io.FileInputStream.open(FileInputStream.java:216)
at java.base/java.io.FileInputStream.<init>(FileInputStream.java:157)
at java.base/java.io.FileInputStream.<init>(FileInputStream.java:111)
at project.XLS_DataProvider.getTestData(XLS_DataProvider.java:23)
at project.StartHealthPage.datasupplier(StartHealthPage.java:105)
... 19 more
... Removed 22 stack frames]]>
    </failure>
  </testcase> <!-- validatedatafromExcel -->
  <testcase classname="project.StartHealthPage" name="Clickontwitter" time="0.001"/>
</testsuite> <!-- StartHealthPage -->
